2015-11-10 15:26:56 10fc InnoDB: Warning: Using innodb_additional_mem_pool_size is DEPRECATED. This option may be removed in future releases, together with the option innodb_use_sys_malloc and with the InnoDB's internal memory allocator.
2015-11-10 15:26:56 4348 [Note] InnoDB: Using mutexes to ref count buffer pool pages
2015-11-10 15:26:56 4348 [Note] InnoDB: The InnoDB memory heap is disabled
2015-11-10 15:26:56 4348 [Note] InnoDB: Mutexes and rw_locks use Windows interlocked functions
2015-11-10 15:26:56 4348 [Note] InnoDB: Memory barrier is not used
2015-11-10 15:26:56 4348 [Note] InnoDB: Compressed tables use zlib 1.2.3
2015-11-10 15:26:56 4348 [Note] InnoDB: Not using CPU crc32 instructions
2015-11-10 15:26:56 4348 [Note] InnoDB: Initializing buffer pool, size = 16.0M
2015-11-10 15:26:56 4348 [Note] InnoDB: Completed initialization of buffer pool
2015-11-10 15:26:56 4348 [Note] InnoDB: Highest supported file format is Barracuda.
2015-11-10 15:26:57 4348 [Note] InnoDB: 128 rollback segment(s) are active.
2015-11-10 15:26:57 4348 [Note] InnoDB: Waiting for purge to start
2015-11-10 15:26:57 4348 [Note] InnoDB:  Percona XtraDB (http://www.percona.com) 5.6.26-74.0 started; log sequence number 1835027
2015-11-10 15:26:57 6140 [Note] InnoDB: Dumping buffer pool(s) not yet started
2015-11-10 15:26:57 4348 [Note] Plugin 'FEEDBACK' is disabled.
2015-11-10 15:26:57 4348 [Note] Server socket created on IP: '::'.
2015-11-10 15:26:57 4348 [Note] Event Scheduler: Loaded 0 events
2015-11-10 15:26:57 4348 [Note] C:\xampp\mysql\bin\mysqld.exe: ready for connections.
Version: '10.1.8-MariaDB'  socket: ''  port: 3306  mariadb.org binary distribution
2015-11-10 15:27:11 5152 [Note] C:\xampp\mysql\bin\mysqld.exe: Normal shutdown

2015-11-10 15:27:11 5152 [Note] Event Scheduler: Purging the queue. 0 events
2015-11-10 15:27:11 5732 [Note] InnoDB: FTS optimize thread exiting.
2015-11-10 15:27:11 5152 [Note] InnoDB: Starting shutdown...
2015-11-10 15:27:13 5152 [Note] InnoDB: Shutdown completed; log sequence number 1835037
2015-11-10 15:27:13 5152 [Note] C:\xampp\mysql\bin\mysqld.exe: Shutdown complete

2018-11-17 17:48:48 1ee0 InnoDB: Warning: Using innodb_additional_mem_pool_size is DEPRECATED. This option may be removed in future releases, together with the option innodb_use_sys_malloc and with the InnoDB's internal memory allocator.
2018-11-17 17:48:48 7904 [Note] InnoDB: innodb_empty_free_list_algorithm has been changed to legacy because of small buffer pool size. In order to use backoff, increase buffer pool at least up to 20MB.

2018-11-17 17:48:48 7904 [Note] InnoDB: Using mutexes to ref count buffer pool pages
2018-11-17 17:48:48 7904 [Note] InnoDB: The InnoDB memory heap is disabled
2018-11-17 17:48:48 7904 [Note] InnoDB: Mutexes and rw_locks use Windows interlocked functions
2018-11-17 17:48:48 7904 [Note] InnoDB: _mm_lfence() and _mm_sfence() are used for memory barrier
2018-11-17 17:48:48 7904 [Note] InnoDB: Compressed tables use zlib 1.2.11
2018-11-17 17:48:48 7904 [Note] InnoDB: Using generic crc32 instructions
2018-11-17 17:48:48 7904 [Note] InnoDB: Initializing buffer pool, size = 16.0M
2018-11-17 17:48:48 7904 [Note] InnoDB: Completed initialization of buffer pool
2018-11-17 17:48:48 7904 [Note] InnoDB: Highest supported file format is Barracuda.
2018-11-17 17:48:48 7904 [Note] InnoDB: 128 rollback segment(s) are active.
2018-11-17 17:48:48 7904 [Note] InnoDB: Waiting for purge to start
2018-11-17 17:48:48 7904 [Note] InnoDB:  Percona XtraDB (http://www.percona.com) 5.6.41-84.1 started; log sequence number 1835037
2018-11-17 17:48:48 10924 [Note] InnoDB: Dumping buffer pool(s) not yet started
2018-11-17 17:48:48 7904 [Note] Plugin 'FEEDBACK' is disabled.
2018-11-17 17:48:48 7904 [Note] Server socket created on IP: '::'.
2018-11-17 17:48:49 7904 [Note] c:\xampp\mysql\bin\mysqld.exe: ready for connections.
Version: '10.1.37-MariaDB'  socket: ''  port: 3306  mariadb.org binary distribution
2018-11-17 17:59:35 34a8 InnoDB: Warning: Using innodb_additional_mem_pool_size is DEPRECATED. This option may be removed in future releases, together with the option innodb_use_sys_malloc and with the InnoDB's internal memory allocator.
2018-11-17 17:59:35 13480 [Note] InnoDB: innodb_empty_free_list_algorithm has been changed to legacy because of small buffer pool size. In order to use backoff, increase buffer pool at least up to 20MB.

2018-11-17 17:59:35 13480 [Note] InnoDB: Using mutexes to ref count buffer pool pages
2018-11-17 17:59:35 13480 [Note] InnoDB: The InnoDB memory heap is disabled
2018-11-17 17:59:35 13480 [Note] InnoDB: Mutexes and rw_locks use Windows interlocked functions
2018-11-17 17:59:35 13480 [Note] InnoDB: _mm_lfence() and _mm_sfence() are used for memory barrier
2018-11-17 17:59:35 13480 [Note] InnoDB: Compressed tables use zlib 1.2.11
2018-11-17 17:59:35 13480 [Note] InnoDB: Using generic crc32 instructions
2018-11-17 17:59:35 13480 [Note] InnoDB: Initializing buffer pool, size = 16.0M
2018-11-17 17:59:35 13480 [Note] InnoDB: Completed initialization of buffer pool
2018-11-17 17:59:35 13480 [Note] InnoDB: Highest supported file format is Barracuda.
2018-11-17 17:59:35 13480 [Note] InnoDB: The log sequence number 1835037 in ibdata file do not match the log sequence number 1835047 in the ib_logfiles!
2018-11-17 17:59:35 13480 [Note] InnoDB: Restoring possible half-written data pages from the doublewrite buffer...
2018-11-17 17:59:35 13480 [Note] InnoDB: 128 rollback segment(s) are active.
2018-11-17 17:59:35 13480 [Note] InnoDB: Waiting for purge to start
2018-11-17 17:59:35 13480 [Note] InnoDB:  Percona XtraDB (http://www.percona.com) 5.6.41-84.1 started; log sequence number 1835047
2018-11-17 17:59:35 5644 [Note] InnoDB: Dumping buffer pool(s) not yet started
2018-11-17 17:59:35 13480 [Note] Plugin 'FEEDBACK' is disabled.
2018-11-17 17:59:35 13480 [Note] Server socket created on IP: '::'.
2018-11-17 17:59:35 13480 [Note] c:\xampp\mysql\bin\mysqld.exe: ready for connections.
Version: '10.1.37-MariaDB'  socket: ''  port: 3306  mariadb.org binary distribution
2018-11-17 18:34:53 1ef8 InnoDB: Warning: Using innodb_additional_mem_pool_size is DEPRECATED. This option may be removed in future releases, together with the option innodb_use_sys_malloc and with the InnoDB's internal memory allocator.
2018-11-17 18:34:53 7928 [Note] InnoDB: innodb_empty_free_list_algorithm has been changed to legacy because of small buffer pool size. In order to use backoff, increase buffer pool at least up to 20MB.

2018-11-17 18:34:53 7928 [Note] InnoDB: Using mutexes to ref count buffer pool pages
2018-11-17 18:34:53 7928 [Note] InnoDB: The InnoDB memory heap is disabled
2018-11-17 18:34:53 7928 [Note] InnoDB: Mutexes and rw_locks use Windows interlocked functions
2018-11-17 18:34:53 7928 [Note] InnoDB: _mm_lfence() and _mm_sfence() are used for memory barrier
2018-11-17 18:34:53 7928 [Note] InnoDB: Compressed tables use zlib 1.2.11
2018-11-17 18:34:53 7928 [Note] InnoDB: Using generic crc32 instructions
2018-11-17 18:34:53 7928 [Note] InnoDB: Initializing buffer pool, size = 16.0M
2018-11-17 18:34:53 7928 [Note] InnoDB: Completed initialization of buffer pool
2018-11-17 18:34:53 7928 [Note] InnoDB: Highest supported file format is Barracuda.
2018-11-17 18:34:53 7928 [Note] InnoDB: The log sequence number 1835037 in ibdata file do not match the log sequence number 1835057 in the ib_logfiles!
2018-11-17 18:34:53 7928 [Note] InnoDB: Restoring possible half-written data pages from the doublewrite buffer...
2018-11-17 18:34:54 7928 [Note] InnoDB: 128 rollback segment(s) are active.
2018-11-17 18:34:54 7928 [Note] InnoDB: Waiting for purge to start
2018-11-17 18:34:54 7928 [Note] InnoDB:  Percona XtraDB (http://www.percona.com) 5.6.41-84.1 started; log sequence number 1835057
2018-11-17 18:34:54 8440 [Note] InnoDB: Dumping buffer pool(s) not yet started
2018-11-17 18:34:54 7928 [Note] Plugin 'FEEDBACK' is disabled.
2018-11-17 18:34:54 7928 [Note] Server socket created on IP: '::'.
2018-11-17 18:34:54 7928 [Note] c:\xampp\mysql\bin\mysqld.exe: ready for connections.
Version: '10.1.37-MariaDB'  socket: ''  port: 3306  mariadb.org binary distribution
2018-11-17 18:52:46 359c InnoDB: Warning: Using innodb_additional_mem_pool_size is DEPRECATED. This option may be removed in future releases, together with the option innodb_use_sys_malloc and with the InnoDB's internal memory allocator.
2018-11-17 18:52:46 13724 [Note] InnoDB: innodb_empty_free_list_algorithm has been changed to legacy because of small buffer pool size. In order to use backoff, increase buffer pool at least up to 20MB.

2018-11-17 18:52:46 13724 [Note] InnoDB: Using mutexes to ref count buffer pool pages
2018-11-17 18:52:46 13724 [Note] InnoDB: The InnoDB memory heap is disabled
2018-11-17 18:52:46 13724 [Note] InnoDB: Mutexes and rw_locks use Windows interlocked functions
2018-11-17 18:52:46 13724 [Note] InnoDB: _mm_lfence() and _mm_sfence() are used for memory barrier
2018-11-17 18:52:46 13724 [Note] InnoDB: Compressed tables use zlib 1.2.11
2018-11-17 18:52:46 13724 [Note] InnoDB: Using generic crc32 instructions
2018-11-17 18:52:46 13724 [Note] InnoDB: Initializing buffer pool, size = 16.0M
2018-11-17 18:52:46 13724 [Note] InnoDB: Completed initialization of buffer pool
2018-11-17 18:52:46 13724 [Note] InnoDB: Highest supported file format is Barracuda.
2018-11-17 18:52:46 13724 [Note] InnoDB: The log sequence number 1835037 in ibdata file do not match the log sequence number 1842640 in the ib_logfiles!
2018-11-17 18:52:46 13724 [Note] InnoDB: Restoring possible half-written data pages from the doublewrite buffer...
2018-11-17 18:52:46 13724 [Note] InnoDB: 128 rollback segment(s) are active.
2018-11-17 18:52:46 13724 [Note] InnoDB: Waiting for purge to start
2018-11-17 18:52:46 13724 [Note] InnoDB:  Percona XtraDB (http://www.percona.com) 5.6.41-84.1 started; log sequence number 1842640
2018-11-17 18:52:46 6964 [Note] InnoDB: Dumping buffer pool(s) not yet started
2018-11-17 18:52:46 13724 [Note] Plugin 'FEEDBACK' is disabled.
2018-11-17 18:52:46 13724 [Note] Server socket created on IP: '::'.
2018-11-17 18:52:46 13724 [Note] c:\xampp\mysql\bin\mysqld.exe: ready for connections.
Version: '10.1.37-MariaDB'  socket: ''  port: 3306  mariadb.org binary distribution
2018-11-20 18:24:22 274c InnoDB: Warning: Using innodb_additional_mem_pool_size is DEPRECATED. This option may be removed in future releases, together with the option innodb_use_sys_malloc and with the InnoDB's internal memory allocator.
2018-11-20 18:24:22 10060 [Note] InnoDB: innodb_empty_free_list_algorithm has been changed to legacy because of small buffer pool size. In order to use backoff, increase buffer pool at least up to 20MB.

2018-11-20 18:24:22 10060 [Note] InnoDB: Using mutexes to ref count buffer pool pages
2018-11-20 18:24:22 10060 [Note] InnoDB: The InnoDB memory heap is disabled
2018-11-20 18:24:22 10060 [Note] InnoDB: Mutexes and rw_locks use Windows interlocked functions
2018-11-20 18:24:22 10060 [Note] InnoDB: _mm_lfence() and _mm_sfence() are used for memory barrier
2018-11-20 18:24:22 10060 [Note] InnoDB: Compressed tables use zlib 1.2.11
2018-11-20 18:24:22 10060 [Note] InnoDB: Using generic crc32 instructions
2018-11-20 18:24:22 10060 [Note] InnoDB: Initializing buffer pool, size = 16.0M
2018-11-20 18:24:22 10060 [Note] InnoDB: Completed initialization of buffer pool
2018-11-20 18:24:22 10060 [Note] InnoDB: Highest supported file format is Barracuda.
2018-11-20 18:24:22 10060 [Note] InnoDB: The log sequence number 1835037 in ibdata file do not match the log sequence number 1852982 in the ib_logfiles!
2018-11-20 18:24:23 10060 [Note] InnoDB: Restoring possible half-written data pages from the doublewrite buffer...
2018-11-20 18:24:23 10060 [Note] InnoDB: 128 rollback segment(s) are active.
2018-11-20 18:24:23 10060 [Note] InnoDB: Waiting for purge to start
2018-11-20 18:24:23 10060 [Note] InnoDB:  Percona XtraDB (http://www.percona.com) 5.6.41-84.1 started; log sequence number 1852982
2018-11-20 18:24:23 7576 [Note] InnoDB: Dumping buffer pool(s) not yet started
2018-11-20 18:24:23 10060 [Note] Plugin 'FEEDBACK' is disabled.
2018-11-20 18:24:23 10060 [Note] Server socket created on IP: '::'.
2018-11-20 18:24:23 10060 [Note] c:\xampp\mysql\bin\mysqld.exe: ready for connections.
Version: '10.1.37-MariaDB'  socket: ''  port: 3306  mariadb.org binary distribution
2018-11-20 23:19:03 2040 InnoDB: Warning: Using innodb_additional_mem_pool_size is DEPRECATED. This option may be removed in future releases, together with the option innodb_use_sys_malloc and with the InnoDB's internal memory allocator.
2018-11-20 23:19:03 8256 [Note] InnoDB: innodb_empty_free_list_algorithm has been changed to legacy because of small buffer pool size. In order to use backoff, increase buffer pool at least up to 20MB.

2018-11-20 23:19:03 8256 [Note] InnoDB: Using mutexes to ref count buffer pool pages
2018-11-20 23:19:03 8256 [Note] InnoDB: The InnoDB memory heap is disabled
2018-11-20 23:19:03 8256 [Note] InnoDB: Mutexes and rw_locks use Windows interlocked functions
2018-11-20 23:19:03 8256 [Note] InnoDB: _mm_lfence() and _mm_sfence() are used for memory barrier
2018-11-20 23:19:03 8256 [Note] InnoDB: Compressed tables use zlib 1.2.11
2018-11-20 23:19:03 8256 [Note] InnoDB: Using generic crc32 instructions
2018-11-20 23:19:03 8256 [Note] InnoDB: Initializing buffer pool, size = 16.0M
2018-11-20 23:19:03 8256 [Note] InnoDB: Completed initialization of buffer pool
2018-11-20 23:19:03 8256 [Note] InnoDB: Highest supported file format is Barracuda.
2018-11-20 23:19:03 8256 [Note] InnoDB: The log sequence number 1835037 in ibdata file do not match the log sequence number 1874788 in the ib_logfiles!
2018-11-20 23:19:03 8256 [Note] InnoDB: Restoring possible half-written data pages from the doublewrite buffer...
2018-11-20 23:19:04 8256 [Note] InnoDB: 128 rollback segment(s) are active.
2018-11-20 23:19:04 8256 [Note] InnoDB: Waiting for purge to start
2018-11-20 23:19:04 8256 [Note] InnoDB:  Percona XtraDB (http://www.percona.com) 5.6.41-84.1 started; log sequence number 1874788
2018-11-20 23:19:04 6608 [Note] InnoDB: Dumping buffer pool(s) not yet started
2018-11-20 23:19:04 8256 [Note] Plugin 'FEEDBACK' is disabled.
2018-11-20 23:19:04 8256 [Note] Server socket created on IP: '::'.
2018-11-20 23:19:04 8256 [Note] c:\xampp\mysql\bin\mysqld.exe: ready for connections.
Version: '10.1.37-MariaDB'  socket: ''  port: 3306  mariadb.org binary distribution
2018-11-20 23:25:48 14d0 InnoDB: Warning: Using innodb_additional_mem_pool_size is DEPRECATED. This option may be removed in future releases, together with the option innodb_use_sys_malloc and with the InnoDB's internal memory allocator.
2018-11-20 23:25:48 5328 [Note] InnoDB: innodb_empty_free_list_algorithm has been changed to legacy because of small buffer pool size. In order to use backoff, increase buffer pool at least up to 20MB.

2018-11-20 23:25:48 5328 [Note] InnoDB: Using mutexes to ref count buffer pool pages
2018-11-20 23:25:48 5328 [Note] InnoDB: The InnoDB memory heap is disabled
2018-11-20 23:25:48 5328 [Note] InnoDB: Mutexes and rw_locks use Windows interlocked functions
2018-11-20 23:25:48 5328 [Note] InnoDB: _mm_lfence() and _mm_sfence() are used for memory barrier
2018-11-20 23:25:48 5328 [Note] InnoDB: Compressed tables use zlib 1.2.11
2018-11-20 23:25:48 5328 [Note] InnoDB: Using generic crc32 instructions
2018-11-20 23:25:48 5328 [Note] InnoDB: Initializing buffer pool, size = 16.0M
2018-11-20 23:25:48 5328 [Note] InnoDB: Completed initialization of buffer pool
2018-11-20 23:25:48 5328 [Note] InnoDB: Highest supported file format is Barracuda.
2018-11-20 23:25:48 5328 [Note] InnoDB: The log sequence number 1835037 in ibdata file do not match the log sequence number 1874798 in the ib_logfiles!
2018-11-20 23:25:48 5328 [Note] InnoDB: Restoring possible half-written data pages from the doublewrite buffer...
2018-11-20 23:25:48 5328 [Note] InnoDB: 128 rollback segment(s) are active.
2018-11-20 23:25:48 5328 [Note] InnoDB: Waiting for purge to start
2018-11-20 23:25:48 5328 [Note] InnoDB:  Percona XtraDB (http://www.percona.com) 5.6.41-84.1 started; log sequence number 1874798
2018-11-20 23:25:48 11796 [Note] InnoDB: Dumping buffer pool(s) not yet started
2018-11-20 23:25:48 5328 [Note] Plugin 'FEEDBACK' is disabled.
2018-11-20 23:25:49 5328 [Note] Server socket created on IP: '::'.
2018-11-20 23:25:49 5328 [Note] c:\xampp\mysql\bin\mysqld.exe: ready for connections.
Version: '10.1.37-MariaDB'  socket: ''  port: 3306  mariadb.org binary distribution
2018-11-20 23:34:08 3560 InnoDB: Warning: Using innodb_additional_mem_pool_size is DEPRECATED. This option may be removed in future releases, together with the option innodb_use_sys_malloc and with the InnoDB's internal memory allocator.
2018-11-20 23:34:08 13664 [Note] InnoDB: innodb_empty_free_list_algorithm has been changed to legacy because of small buffer pool size. In order to use backoff, increase buffer pool at least up to 20MB.

2018-11-20 23:34:08 13664 [Note] InnoDB: Using mutexes to ref count buffer pool pages
2018-11-20 23:34:08 13664 [Note] InnoDB: The InnoDB memory heap is disabled
2018-11-20 23:34:08 13664 [Note] InnoDB: Mutexes and rw_locks use Windows interlocked functions
2018-11-20 23:34:08 13664 [Note] InnoDB: _mm_lfence() and _mm_sfence() are used for memory barrier
2018-11-20 23:34:08 13664 [Note] InnoDB: Compressed tables use zlib 1.2.11
2018-11-20 23:34:08 13664 [Note] InnoDB: Using generic crc32 instructions
2018-11-20 23:34:08 13664 [Note] InnoDB: Initializing buffer pool, size = 16.0M
2018-11-20 23:34:08 13664 [Note] InnoDB: Completed initialization of buffer pool
2018-11-20 23:34:08 13664 [Note] InnoDB: Highest supported file format is Barracuda.
2018-11-20 23:34:08 13664 [Note] InnoDB: The log sequence number 1835037 in ibdata file do not match the log sequence number 1874808 in the ib_logfiles!
2018-11-20 23:34:08 13664 [Note] InnoDB: Restoring possible half-written data pages from the doublewrite buffer...
2018-11-20 23:34:08 13664 [Note] InnoDB: 128 rollback segment(s) are active.
2018-11-20 23:34:08 13664 [Note] InnoDB: Waiting for purge to start
2018-11-20 23:34:08 13664 [Note] InnoDB:  Percona XtraDB (http://www.percona.com) 5.6.41-84.1 started; log sequence number 1874808
2018-11-20 23:34:08 1772 [Note] InnoDB: Dumping buffer pool(s) not yet started
2018-11-20 23:34:08 13664 [Note] Plugin 'FEEDBACK' is disabled.
2018-11-20 23:34:08 13664 [Note] Server socket created on IP: '::'.
2018-11-20 23:34:09 13664 [Note] c:\xampp\mysql\bin\mysqld.exe: ready for connections.
Version: '10.1.37-MariaDB'  socket: ''  port: 3306  mariadb.org binary distribution
2018-11-21 12:33:51 280c InnoDB: Warning: Using innodb_additional_mem_pool_size is DEPRECATED. This option may be removed in future releases, together with the option innodb_use_sys_malloc and with the InnoDB's internal memory allocator.
2018-11-21 12:33:51 10252 [Note] InnoDB: innodb_empty_free_list_algorithm has been changed to legacy because of small buffer pool size. In order to use backoff, increase buffer pool at least up to 20MB.

2018-11-21 12:33:51 10252 [Note] InnoDB: Using mutexes to ref count buffer pool pages
2018-11-21 12:33:51 10252 [Note] InnoDB: The InnoDB memory heap is disabled
2018-11-21 12:33:51 10252 [Note] InnoDB: Mutexes and rw_locks use Windows interlocked functions
2018-11-21 12:33:51 10252 [Note] InnoDB: _mm_lfence() and _mm_sfence() are used for memory barrier
2018-11-21 12:33:51 10252 [Note] InnoDB: Compressed tables use zlib 1.2.11
2018-11-21 12:33:51 10252 [Note] InnoDB: Using generic crc32 instructions
2018-11-21 12:33:51 10252 [Note] InnoDB: Initializing buffer pool, size = 16.0M
2018-11-21 12:33:51 10252 [Note] InnoDB: Completed initialization of buffer pool
2018-11-21 12:33:51 10252 [Note] InnoDB: Highest supported file format is Barracuda.
2018-11-21 12:33:51 10252 [Note] InnoDB: The log sequence number 1835037 in ibdata file do not match the log sequence number 1874818 in the ib_logfiles!
2018-11-21 12:33:52 10252 [Note] InnoDB: Restoring possible half-written data pages from the doublewrite buffer...
2018-11-21 12:33:52 10252 [Note] InnoDB: 128 rollback segment(s) are active.
2018-11-21 12:33:52 10252 [Note] InnoDB: Waiting for purge to start
2018-11-21 12:33:52 10252 [Note] InnoDB:  Percona XtraDB (http://www.percona.com) 5.6.41-84.1 started; log sequence number 1874818
2018-11-21 12:33:52 580 [Note] InnoDB: Dumping buffer pool(s) not yet started
2018-11-21 12:33:52 10252 [Note] Plugin 'FEEDBACK' is disabled.
2018-11-21 12:33:52 10252 [Note] Server socket created on IP: '::'.
2018-11-21 12:33:52 10252 [Note] c:\xampp\mysql\bin\mysqld.exe: ready for connections.
Version: '10.1.37-MariaDB'  socket: ''  port: 3306  mariadb.org binary distribution
2018-11-21 15:27:21 658 InnoDB: Warning: Using innodb_additional_mem_pool_size is DEPRECATED. This option may be removed in future releases, together with the option innodb_use_sys_malloc and with the InnoDB's internal memory allocator.
2018-11-21 15:27:21 1624 [Note] InnoDB: innodb_empty_free_list_algorithm has been changed to legacy because of small buffer pool size. In order to use backoff, increase buffer pool at least up to 20MB.

2018-11-21 15:27:21 1624 [Note] InnoDB: Using mutexes to ref count buffer pool pages
2018-11-21 15:27:21 1624 [Note] InnoDB: The InnoDB memory heap is disabled
2018-11-21 15:27:21 1624 [Note] InnoDB: Mutexes and rw_locks use Windows interlocked functions
2018-11-21 15:27:21 1624 [Note] InnoDB: _mm_lfence() and _mm_sfence() are used for memory barrier
2018-11-21 15:27:21 1624 [Note] InnoDB: Compressed tables use zlib 1.2.11
2018-11-21 15:27:21 1624 [Note] InnoDB: Using generic crc32 instructions
2018-11-21 15:27:21 1624 [Note] InnoDB: Initializing buffer pool, size = 16.0M
2018-11-21 15:27:21 1624 [Note] InnoDB: Completed initialization of buffer pool
2018-11-21 15:27:21 1624 [Note] InnoDB: Highest supported file format is Barracuda.
2018-11-21 15:27:21 1624 [Note] InnoDB: The log sequence number 1835037 in ibdata file do not match the log sequence number 1874828 in the ib_logfiles!
2018-11-21 15:27:21 1624 [Note] InnoDB: Restoring possible half-written data pages from the doublewrite buffer...
2018-11-21 15:27:21 1624 [Note] InnoDB: 128 rollback segment(s) are active.
2018-11-21 15:27:21 1624 [Note] InnoDB: Waiting for purge to start
2018-11-21 15:27:21 1624 [Note] InnoDB:  Percona XtraDB (http://www.percona.com) 5.6.41-84.1 started; log sequence number 1874828
2018-11-21 15:27:21 10724 [Note] InnoDB: Dumping buffer pool(s) not yet started
2018-11-21 15:27:21 1624 [Note] Plugin 'FEEDBACK' is disabled.
2018-11-21 15:27:21 1624 [Note] Server socket created on IP: '::'.
2018-11-21 15:27:21 1624 [Note] c:\xampp\mysql\bin\mysqld.exe: ready for connections.
Version: '10.1.37-MariaDB'  socket: ''  port: 3306  mariadb.org binary distribution
2018-11-21 22:25:11 2440 InnoDB: Warning: Using innodb_additional_mem_pool_size is DEPRECATED. This option may be removed in future releases, together with the option innodb_use_sys_malloc and with the InnoDB's internal memory allocator.
2018-11-21 22:25:11 9280 [Note] InnoDB: innodb_empty_free_list_algorithm has been changed to legacy because of small buffer pool size. In order to use backoff, increase buffer pool at least up to 20MB.

2018-11-21 22:25:11 9280 [Note] InnoDB: Using mutexes to ref count buffer pool pages
2018-11-21 22:25:11 9280 [Note] InnoDB: The InnoDB memory heap is disabled
2018-11-21 22:25:11 9280 [Note] InnoDB: Mutexes and rw_locks use Windows interlocked functions
2018-11-21 22:25:11 9280 [Note] InnoDB: _mm_lfence() and _mm_sfence() are used for memory barrier
2018-11-21 22:25:11 9280 [Note] InnoDB: Compressed tables use zlib 1.2.11
2018-11-21 22:25:11 9280 [Note] InnoDB: Using generic crc32 instructions
2018-11-21 22:25:11 9280 [Note] InnoDB: Initializing buffer pool, size = 16.0M
2018-11-21 22:25:11 9280 [Note] InnoDB: Completed initialization of buffer pool
2018-11-21 22:25:11 9280 [Note] InnoDB: Highest supported file format is Barracuda.
2018-11-21 22:25:11 9280 [Note] InnoDB: The log sequence number 1835037 in ibdata file do not match the log sequence number 1959028 in the ib_logfiles!
2018-11-21 22:25:11 9280 [Note] InnoDB: Restoring possible half-written data pages from the doublewrite buffer...
2018-11-21 22:25:11 9280 [Note] InnoDB: 128 rollback segment(s) are active.
2018-11-21 22:25:11 9280 [Note] InnoDB: Waiting for purge to start
2018-11-21 22:25:12 9280 [Note] InnoDB:  Percona XtraDB (http://www.percona.com) 5.6.41-84.1 started; log sequence number 1959028
2018-11-21 22:25:12 2300 [Note] InnoDB: Dumping buffer pool(s) not yet started
2018-11-21 22:25:12 9280 [Note] Plugin 'FEEDBACK' is disabled.
2018-11-21 22:25:12 9280 [Note] Server socket created on IP: '::'.
2018-11-21 22:25:12 9280 [ERROR] mysqld.exe: Table '.\mysql\user' is marked as crashed and should be repaired
2018-11-21 22:25:12 9280 [Warning] Checking table:   '.\mysql\user'
2018-11-21 22:25:12 9280 [ERROR] mysql.user: 1 client is using or hasn't closed the table properly
2018-11-21 22:25:12 9280 [ERROR] mysqld.exe: Table '.\mysql\db' is marked as crashed and should be repaired
2018-11-21 22:25:12 9280 [Warning] Checking table:   '.\mysql\db'
2018-11-21 22:25:12 9280 [ERROR] mysql.db: 1 client is using or hasn't closed the table properly
2018-11-21 22:25:12 9280 [Note] c:\xampp\mysql\bin\mysqld.exe: ready for connections.
Version: '10.1.37-MariaDB'  socket: ''  port: 3306  mariadb.org binary distribution
2018-11-22 13:34:00 ccc InnoDB: Warning: Using innodb_additional_mem_pool_size is DEPRECATED. This option may be removed in future releases, together with the option innodb_use_sys_malloc and with the InnoDB's internal memory allocator.
2018-11-22 13:34:00 3276 [Note] InnoDB: innodb_empty_free_list_algorithm has been changed to legacy because of small buffer pool size. In order to use backoff, increase buffer pool at least up to 20MB.

2018-11-22 13:34:00 3276 [Note] InnoDB: Using mutexes to ref count buffer pool pages
2018-11-22 13:34:00 3276 [Note] InnoDB: The InnoDB memory heap is disabled
2018-11-22 13:34:00 3276 [Note] InnoDB: Mutexes and rw_locks use Windows interlocked functions
2018-11-22 13:34:00 3276 [Note] InnoDB: _mm_lfence() and _mm_sfence() are used for memory barrier
2018-11-22 13:34:00 3276 [Note] InnoDB: Compressed tables use zlib 1.2.11
2018-11-22 13:34:00 3276 [Note] InnoDB: Using generic crc32 instructions
2018-11-22 13:34:00 3276 [Note] InnoDB: Initializing buffer pool, size = 16.0M
2018-11-22 13:34:00 3276 [Note] InnoDB: Completed initialization of buffer pool
2018-11-22 13:34:00 3276 [Note] InnoDB: Highest supported file format is Barracuda.
2018-11-22 13:34:00 3276 [Note] InnoDB: The log sequence number 1835037 in ibdata file do not match the log sequence number 1959038 in the ib_logfiles!
2018-11-22 13:34:01 3276 [Note] InnoDB: Restoring possible half-written data pages from the doublewrite buffer...
2018-11-22 13:34:01 3276 [Note] InnoDB: 128 rollback segment(s) are active.
2018-11-22 13:34:01 3276 [Note] InnoDB: Waiting for purge to start
2018-11-22 13:34:01 3276 [Note] InnoDB:  Percona XtraDB (http://www.percona.com) 5.6.41-84.1 started; log sequence number 1959038
2018-11-22 13:34:01 5556 [Note] InnoDB: Dumping buffer pool(s) not yet started
2018-11-22 13:34:01 3276 [Note] Plugin 'FEEDBACK' is disabled.
2018-11-22 13:34:01 3276 [Note] Server socket created on IP: '::'.
2018-11-22 13:34:01 3276 [Note] c:\xampp\mysql\bin\mysqld.exe: ready for connections.
Version: '10.1.37-MariaDB'  socket: ''  port: 3306  mariadb.org binary distribution
2018-11-22 17:25:55 e60 InnoDB: Warning: Using innodb_additional_mem_pool_size is DEPRECATED. This option may be removed in future releases, together with the option innodb_use_sys_malloc and with the InnoDB's internal memory allocator.
2018-11-22 17:25:55 3680 [Note] InnoDB: innodb_empty_free_list_algorithm has been changed to legacy because of small buffer pool size. In order to use backoff, increase buffer pool at least up to 20MB.

2018-11-22 17:25:55 3680 [Note] InnoDB: Using mutexes to ref count buffer pool pages
2018-11-22 17:25:55 3680 [Note] InnoDB: The InnoDB memory heap is disabled
2018-11-22 17:25:55 3680 [Note] InnoDB: Mutexes and rw_locks use Windows interlocked functions
2018-11-22 17:25:55 3680 [Note] InnoDB: _mm_lfence() and _mm_sfence() are used for memory barrier
2018-11-22 17:25:55 3680 [Note] InnoDB: Compressed tables use zlib 1.2.11
2018-11-22 17:25:55 3680 [Note] InnoDB: Using generic crc32 instructions
2018-11-22 17:25:55 3680 [Note] InnoDB: Initializing buffer pool, size = 16.0M
2018-11-22 17:25:55 3680 [Note] InnoDB: Completed initialization of buffer pool
2018-11-22 17:25:55 3680 [Note] InnoDB: Highest supported file format is Barracuda.
2018-11-22 17:25:55 3680 [Note] InnoDB: The log sequence number 1835037 in ibdata file do not match the log sequence number 2000501 in the ib_logfiles!
2018-11-22 17:25:55 3680 [Note] InnoDB: Restoring possible half-written data pages from the doublewrite buffer...
2018-11-22 17:25:56 3680 [Note] InnoDB: 128 rollback segment(s) are active.
2018-11-22 17:25:56 3680 [Note] InnoDB: Waiting for purge to start
2018-11-22 17:25:56 3680 [Note] InnoDB:  Percona XtraDB (http://www.percona.com) 5.6.41-84.1 started; log sequence number 2000501
2018-11-22 17:25:56 11704 [Note] InnoDB: Dumping buffer pool(s) not yet started
2018-11-22 17:25:56 3680 [Note] Plugin 'FEEDBACK' is disabled.
2018-11-22 17:25:56 3680 [Note] Server socket created on IP: '::'.
2018-11-22 17:25:56 3680 [Note] c:\xampp\mysql\bin\mysqld.exe: ready for connections.
Version: '10.1.37-MariaDB'  socket: ''  port: 3306  mariadb.org binary distribution
2018-11-22 18:20:47 d8 InnoDB: Warning: Using innodb_additional_mem_pool_size is DEPRECATED. This option may be removed in future releases, together with the option innodb_use_sys_malloc and with the InnoDB's internal memory allocator.
2018-11-22 18:20:47 216 [Note] InnoDB: innodb_empty_free_list_algorithm has been changed to legacy because of small buffer pool size. In order to use backoff, increase buffer pool at least up to 20MB.

2018-11-22 18:20:47 216 [Note] InnoDB: Using mutexes to ref count buffer pool pages
2018-11-22 18:20:47 216 [Note] InnoDB: The InnoDB memory heap is disabled
2018-11-22 18:20:47 216 [Note] InnoDB: Mutexes and rw_locks use Windows interlocked functions
2018-11-22 18:20:47 216 [Note] InnoDB: _mm_lfence() and _mm_sfence() are used for memory barrier
2018-11-22 18:20:47 216 [Note] InnoDB: Compressed tables use zlib 1.2.11
2018-11-22 18:20:47 216 [Note] InnoDB: Using generic crc32 instructions
2018-11-22 18:20:47 216 [Note] InnoDB: Initializing buffer pool, size = 16.0M
2018-11-22 18:20:47 216 [Note] InnoDB: Completed initialization of buffer pool
2018-11-22 18:20:47 216 [Note] InnoDB: Highest supported file format is Barracuda.
2018-11-22 18:20:47 216 [Note] InnoDB: The log sequence number 1835037 in ibdata file do not match the log sequence number 2012048 in the ib_logfiles!
2018-11-22 18:20:47 216 [Note] InnoDB: Restoring possible half-written data pages from the doublewrite buffer...
2018-11-22 18:20:48 216 [Note] InnoDB: 128 rollback segment(s) are active.
2018-11-22 18:20:48 216 [Note] InnoDB: Waiting for purge to start
2018-11-22 18:20:48 216 [Note] InnoDB:  Percona XtraDB (http://www.percona.com) 5.6.41-84.1 started; log sequence number 2012048
2018-11-22 18:20:48 6480 [Note] InnoDB: Dumping buffer pool(s) not yet started
2018-11-22 18:20:48 216 [Note] Plugin 'FEEDBACK' is disabled.
2018-11-22 18:20:48 216 [Note] Server socket created on IP: '::'.
2018-11-22 18:20:48 9876 [Note] Event Scheduler: scheduler thread started with id 1
2018-11-22 18:20:48 216 [Note] c:\xampp\mysql\bin\mysqld.exe: ready for connections.
Version: '10.1.37-MariaDB'  socket: ''  port: 3306  mariadb.org binary distribution
2018-11-22 18:39:53 714 InnoDB: Warning: Using innodb_additional_mem_pool_size is DEPRECATED. This option may be removed in future releases, together with the option innodb_use_sys_malloc and with the InnoDB's internal memory allocator.
2018-11-22 18:39:53 1812 [Note] InnoDB: innodb_empty_free_list_algorithm has been changed to legacy because of small buffer pool size. In order to use backoff, increase buffer pool at least up to 20MB.

2018-11-22 18:39:53 1812 [Note] InnoDB: Using mutexes to ref count buffer pool pages
2018-11-22 18:39:53 1812 [Note] InnoDB: The InnoDB memory heap is disabled
2018-11-22 18:39:53 1812 [Note] InnoDB: Mutexes and rw_locks use Windows interlocked functions
2018-11-22 18:39:53 1812 [Note] InnoDB: _mm_lfence() and _mm_sfence() are used for memory barrier
2018-11-22 18:39:53 1812 [Note] InnoDB: Compressed tables use zlib 1.2.11
2018-11-22 18:39:53 1812 [Note] InnoDB: Using generic crc32 instructions
2018-11-22 18:39:53 1812 [Note] InnoDB: Initializing buffer pool, size = 16.0M
2018-11-22 18:39:53 1812 [Note] InnoDB: Completed initialization of buffer pool
2018-11-22 18:39:53 1812 [Note] InnoDB: Highest supported file format is Barracuda.
2018-11-22 18:39:53 1812 [Note] InnoDB: The log sequence number 1835037 in ibdata file do not match the log sequence number 2012058 in the ib_logfiles!
2018-11-22 18:39:53 1812 [Note] InnoDB: Restoring possible half-written data pages from the doublewrite buffer...
2018-11-22 18:39:54 1812 [Note] InnoDB: 128 rollback segment(s) are active.
2018-11-22 18:39:54 1812 [Note] InnoDB: Waiting for purge to start
2018-11-22 18:39:54 1812 [Note] InnoDB:  Percona XtraDB (http://www.percona.com) 5.6.41-84.1 started; log sequence number 2012058
2018-11-22 18:39:54 7504 [Note] InnoDB: Dumping buffer pool(s) not yet started
2018-11-22 18:39:54 1812 [Note] Plugin 'FEEDBACK' is disabled.
2018-11-22 18:39:54 1812 [Note] Server socket created on IP: '::'.
2018-11-22 18:39:54 2248 [Note] Event Scheduler: scheduler thread started with id 1
2018-11-22 18:39:54 1812 [Note] c:\xampp\mysql\bin\mysqld.exe: ready for connections.
Version: '10.1.37-MariaDB'  socket: ''  port: 3306  mariadb.org binary distribution
2018-11-22 18:45:44 10176 [Note] Event Scheduler: Killing the scheduler thread, thread id 1
2018-11-22 18:45:44 10176 [Note] Event Scheduler: Waiting for the scheduler thread to reply
2018-11-22 18:45:44 10176 [Note] Event Scheduler: Stopped
2018-11-22 18:49:22 2b14 InnoDB: Warning: Using innodb_additional_mem_pool_size is DEPRECATED. This option may be removed in future releases, together with the option innodb_use_sys_malloc and with the InnoDB's internal memory allocator.
2018-11-22 18:49:22 11028 [Note] InnoDB: innodb_empty_free_list_algorithm has been changed to legacy because of small buffer pool size. In order to use backoff, increase buffer pool at least up to 20MB.

2018-11-22 18:49:22 11028 [Note] InnoDB: Using mutexes to ref count buffer pool pages
2018-11-22 18:49:22 11028 [Note] InnoDB: The InnoDB memory heap is disabled
2018-11-22 18:49:22 11028 [Note] InnoDB: Mutexes and rw_locks use Windows interlocked functions
2018-11-22 18:49:22 11028 [Note] InnoDB: _mm_lfence() and _mm_sfence() are used for memory barrier
2018-11-22 18:49:22 11028 [Note] InnoDB: Compressed tables use zlib 1.2.11
2018-11-22 18:49:22 11028 [Note] InnoDB: Using generic crc32 instructions
2018-11-22 18:49:22 11028 [Note] InnoDB: Initializing buffer pool, size = 16.0M
2018-11-22 18:49:22 11028 [Note] InnoDB: Completed initialization of buffer pool
2018-11-22 18:49:23 11028 [Note] InnoDB: Highest supported file format is Barracuda.
2018-11-22 18:49:23 11028 [Note] InnoDB: The log sequence number 1835037 in ibdata file do not match the log sequence number 2013293 in the ib_logfiles!
2018-11-22 18:49:23 11028 [Note] InnoDB: Restoring possible half-written data pages from the doublewrite buffer...
2018-11-22 18:49:24 11028 [Note] InnoDB: 128 rollback segment(s) are active.
2018-11-22 18:49:24 11028 [Note] InnoDB: Waiting for purge to start
2018-11-22 18:49:24 11028 [Note] InnoDB:  Percona XtraDB (http://www.percona.com) 5.6.41-84.1 started; log sequence number 2013293
2018-11-22 18:49:24 10716 [Note] InnoDB: Dumping buffer pool(s) not yet started
2018-11-22 18:49:24 11028 [Note] Plugin 'FEEDBACK' is disabled.
2018-11-22 18:49:24 11028 [Note] Server socket created on IP: '::'.
2018-11-22 18:49:25 10304 [Note] Event Scheduler: scheduler thread started with id 1
2018-11-22 18:49:25 11028 [Note] c:\xampp\mysql\bin\mysqld.exe: ready for connections.
Version: '10.1.37-MariaDB'  socket: ''  port: 3306  mariadb.org binary distribution
2018-11-22 18:52:25 2e68 InnoDB: Warning: Using innodb_additional_mem_pool_size is DEPRECATED. This option may be removed in future releases, together with the option innodb_use_sys_malloc and with the InnoDB's internal memory allocator.
2018-11-22 18:52:25 11880 [Note] InnoDB: innodb_empty_free_list_algorithm has been changed to legacy because of small buffer pool size. In order to use backoff, increase buffer pool at least up to 20MB.

2018-11-22 18:52:25 11880 [Note] InnoDB: Using mutexes to ref count buffer pool pages
2018-11-22 18:52:25 11880 [Note] InnoDB: The InnoDB memory heap is disabled
2018-11-22 18:52:25 11880 [Note] InnoDB: Mutexes and rw_locks use Windows interlocked functions
2018-11-22 18:52:25 11880 [Note] InnoDB: _mm_lfence() and _mm_sfence() are used for memory barrier
2018-11-22 18:52:25 11880 [Note] InnoDB: Compressed tables use zlib 1.2.11
2018-11-22 18:52:25 11880 [Note] InnoDB: Using generic crc32 instructions
2018-11-22 18:52:25 11880 [Note] InnoDB: Initializing buffer pool, size = 16.0M
2018-11-22 18:52:25 11880 [Note] InnoDB: Completed initialization of buffer pool
2018-11-22 18:52:25 11880 [Note] InnoDB: Highest supported file format is Barracuda.
2018-11-22 18:52:25 11880 [Note] InnoDB: The log sequence number 1835037 in ibdata file do not match the log sequence number 2015185 in the ib_logfiles!
2018-11-22 18:52:25 11880 [Note] InnoDB: Restoring possible half-written data pages from the doublewrite buffer...
2018-11-22 18:52:26 11880 [Note] InnoDB: 128 rollback segment(s) are active.
2018-11-22 18:52:26 11880 [Note] InnoDB: Waiting for purge to start
2018-11-22 18:52:26 11880 [Note] InnoDB:  Percona XtraDB (http://www.percona.com) 5.6.41-84.1 started; log sequence number 2015185
2018-11-22 18:52:26 12080 [Note] InnoDB: Dumping buffer pool(s) not yet started
2018-11-22 18:52:26 11880 [Note] Plugin 'FEEDBACK' is disabled.
2018-11-22 18:52:26 11880 [Note] Server socket created on IP: '::'.
2018-11-22 18:52:26 11880 [ERROR] mysqld.exe: Table '.\mysql\user' is marked as crashed and should be repaired
2018-11-22 18:52:26 11880 [Warning] Checking table:   '.\mysql\user'
2018-11-22 18:52:26 11880 [ERROR] mysql.user: 1 client is using or hasn't closed the table properly
2018-11-22 18:52:26 11880 [Note] c:\xampp\mysql\bin\mysqld.exe: ready for connections.
Version: '10.1.37-MariaDB'  socket: ''  port: 3306  mariadb.org binary distribution
2018-11-22 18:52:58 11288 [Note] Event Scheduler: scheduler thread started with id 9
2018-11-23 16:16:46 6fc InnoDB: Warning: Using innodb_additional_mem_pool_size is DEPRECATED. This option may be removed in future releases, together with the option innodb_use_sys_malloc and with the InnoDB's internal memory allocator.
2018-11-23 16:16:46 1788 [Note] InnoDB: innodb_empty_free_list_algorithm has been changed to legacy because of small buffer pool size. In order to use backoff, increase buffer pool at least up to 20MB.

2018-11-23 16:16:46 1788 [Note] InnoDB: Using mutexes to ref count buffer pool pages
2018-11-23 16:16:46 1788 [Note] InnoDB: The InnoDB memory heap is disabled
2018-11-23 16:16:46 1788 [Note] InnoDB: Mutexes and rw_locks use Windows interlocked functions
2018-11-23 16:16:46 1788 [Note] InnoDB: _mm_lfence() and _mm_sfence() are used for memory barrier
2018-11-23 16:16:46 1788 [Note] InnoDB: Compressed tables use zlib 1.2.11
2018-11-23 16:16:46 1788 [Note] InnoDB: Using generic crc32 instructions
2018-11-23 16:16:46 1788 [Note] InnoDB: Initializing buffer pool, size = 16.0M
2018-11-23 16:16:46 1788 [Note] InnoDB: Completed initialization of buffer pool
2018-11-23 16:16:46 1788 [Note] InnoDB: Highest supported file format is Barracuda.
2018-11-23 16:16:46 1788 [Note] InnoDB: The log sequence number 1835037 in ibdata file do not match the log sequence number 2021421 in the ib_logfiles!
2018-11-23 16:16:46 1788 [Note] InnoDB: Restoring possible half-written data pages from the doublewrite buffer...
2018-11-23 16:16:47 1788 [Note] InnoDB: 128 rollback segment(s) are active.
2018-11-23 16:16:47 1788 [Note] InnoDB: Waiting for purge to start
2018-11-23 16:16:47 1788 [Note] InnoDB:  Percona XtraDB (http://www.percona.com) 5.6.41-84.1 started; log sequence number 2021421
2018-11-23 16:16:47 8816 [Note] InnoDB: Dumping buffer pool(s) not yet started
2018-11-23 16:16:47 1788 [Note] Plugin 'FEEDBACK' is disabled.
2018-11-23 16:16:47 1788 [Note] Server socket created on IP: '::'.
2018-11-23 16:16:47 1788 [ERROR] mysqld.exe: Table '.\mysql\event' is marked as crashed and should be repaired
2018-11-23 16:16:47 1788 [Warning] Checking table:   '.\mysql\event'
2018-11-23 16:16:47 1788 [ERROR] mysql.event: 1 client is using or hasn't closed the table properly
2018-11-23 16:16:47 1788 [Note] c:\xampp\mysql\bin\mysqld.exe: ready for connections.
Version: '10.1.37-MariaDB'  socket: ''  port: 3306  mariadb.org binary distribution
2018-11-23 22:42:01 da0 InnoDB: Warning: Using innodb_additional_mem_pool_size is DEPRECATED. This option may be removed in future releases, together with the option innodb_use_sys_malloc and with the InnoDB's internal memory allocator.
2018-11-23 22:42:01 3488 [Note] InnoDB: innodb_empty_free_list_algorithm has been changed to legacy because of small buffer pool size. In order to use backoff, increase buffer pool at least up to 20MB.

2018-11-23 22:42:01 3488 [Note] InnoDB: Using mutexes to ref count buffer pool pages
2018-11-23 22:42:01 3488 [Note] InnoDB: The InnoDB memory heap is disabled
2018-11-23 22:42:01 3488 [Note] InnoDB: Mutexes and rw_locks use Windows interlocked functions
2018-11-23 22:42:01 3488 [Note] InnoDB: _mm_lfence() and _mm_sfence() are used for memory barrier
2018-11-23 22:42:01 3488 [Note] InnoDB: Compressed tables use zlib 1.2.11
2018-11-23 22:42:01 3488 [Note] InnoDB: Using generic crc32 instructions
2018-11-23 22:42:01 3488 [Note] InnoDB: Initializing buffer pool, size = 16.0M
2018-11-23 22:42:01 3488 [Note] InnoDB: Completed initialization of buffer pool
2018-11-23 22:42:01 3488 [Note] InnoDB: Highest supported file format is Barracuda.
2018-11-23 22:42:01 3488 [Note] InnoDB: The log sequence number 1835037 in ibdata file do not match the log sequence number 2032340 in the ib_logfiles!
2018-11-23 22:42:02 3488 [Note] InnoDB: Restoring possible half-written data pages from the doublewrite buffer...
2018-11-23 22:42:02 3488 [Note] InnoDB: 128 rollback segment(s) are active.
2018-11-23 22:42:02 3488 [Note] InnoDB: Waiting for purge to start
2018-11-23 22:42:02 3488 [Note] InnoDB:  Percona XtraDB (http://www.percona.com) 5.6.41-84.1 started; log sequence number 2032340
2018-11-23 22:42:02 8732 [Note] InnoDB: Dumping buffer pool(s) not yet started
2018-11-23 22:42:02 3488 [Note] Plugin 'FEEDBACK' is disabled.
2018-11-23 22:42:02 3488 [Note] Server socket created on IP: '::'.
2018-11-23 22:42:03 3488 [Note] c:\xampp\mysql\bin\mysqld.exe: ready for connections.
Version: '10.1.37-MariaDB'  socket: ''  port: 3306  mariadb.org binary distribution
2018-11-24 14:35:50 169c InnoDB: Warning: Using innodb_additional_mem_pool_size is DEPRECATED. This option may be removed in future releases, together with the option innodb_use_sys_malloc and with the InnoDB's internal memory allocator.
2018-11-24 14:35:50 5788 [Note] InnoDB: innodb_empty_free_list_algorithm has been changed to legacy because of small buffer pool size. In order to use backoff, increase buffer pool at least up to 20MB.

2018-11-24 14:35:50 5788 [Note] InnoDB: Using mutexes to ref count buffer pool pages
2018-11-24 14:35:50 5788 [Note] InnoDB: The InnoDB memory heap is disabled
2018-11-24 14:35:50 5788 [Note] InnoDB: Mutexes and rw_locks use Windows interlocked functions
2018-11-24 14:35:50 5788 [Note] InnoDB: _mm_lfence() and _mm_sfence() are used for memory barrier
2018-11-24 14:35:50 5788 [Note] InnoDB: Compressed tables use zlib 1.2.11
2018-11-24 14:35:50 5788 [Note] InnoDB: Using generic crc32 instructions
2018-11-24 14:35:50 5788 [Note] InnoDB: Initializing buffer pool, size = 16.0M
2018-11-24 14:35:50 5788 [Note] InnoDB: Completed initialization of buffer pool
2018-11-24 14:35:50 5788 [Note] InnoDB: Highest supported file format is Barracuda.
2018-11-24 14:35:50 5788 [Note] InnoDB: The log sequence number 1835037 in ibdata file do not match the log sequence number 2032350 in the ib_logfiles!
2018-11-24 14:35:51 5788 [Note] InnoDB: Restoring possible half-written data pages from the doublewrite buffer...
2018-11-24 14:35:51 5788 [Note] InnoDB: 128 rollback segment(s) are active.
2018-11-24 14:35:51 5788 [Note] InnoDB: Waiting for purge to start
2018-11-24 14:35:51 5788 [Note] InnoDB:  Percona XtraDB (http://www.percona.com) 5.6.41-84.1 started; log sequence number 2032350
2018-11-24 14:35:51 11576 [Note] InnoDB: Dumping buffer pool(s) not yet started
2018-11-24 14:35:51 5788 [Note] Plugin 'FEEDBACK' is disabled.
2018-11-24 14:35:51 5788 [Note] Server socket created on IP: '::'.
2018-11-24 14:35:52 5788 [Note] c:\xampp\mysql\bin\mysqld.exe: ready for connections.
Version: '10.1.37-MariaDB'  socket: ''  port: 3306  mariadb.org binary distribution
2018-11-24 23:29:34 5944 [Note] Event Scheduler: scheduler thread started with id 86
2018-11-25 00:14:19 2c84 InnoDB: Warning: Using innodb_additional_mem_pool_size is DEPRECATED. This option may be removed in future releases, together with the option innodb_use_sys_malloc and with the InnoDB's internal memory allocator.
2018-11-25  0:14:19 11396 [Note] InnoDB: innodb_empty_free_list_algorithm has been changed to legacy because of small buffer pool size. In order to use backoff, increase buffer pool at least up to 20MB.

2018-11-25  0:14:19 11396 [Note] InnoDB: Using mutexes to ref count buffer pool pages
2018-11-25  0:14:19 11396 [Note] InnoDB: The InnoDB memory heap is disabled
2018-11-25  0:14:19 11396 [Note] InnoDB: Mutexes and rw_locks use Windows interlocked functions
2018-11-25  0:14:19 11396 [Note] InnoDB: _mm_lfence() and _mm_sfence() are used for memory barrier
2018-11-25  0:14:19 11396 [Note] InnoDB: Compressed tables use zlib 1.2.11
2018-11-25  0:14:19 11396 [Note] InnoDB: Using generic crc32 instructions
2018-11-25  0:14:19 11396 [Note] InnoDB: Initializing buffer pool, size = 16.0M
2018-11-25  0:14:19 11396 [Note] InnoDB: Completed initialization of buffer pool
2018-11-25  0:14:19 11396 [Note] InnoDB: Highest supported file format is Barracuda.
2018-11-25  0:14:19 11396 [Note] InnoDB: The log sequence number 1835037 in ibdata file do not match the log sequence number 2058392 in the ib_logfiles!
2018-11-25  0:14:19 11396 [Note] InnoDB: Restoring possible half-written data pages from the doublewrite buffer...
2018-11-25  0:14:20 11396 [Note] InnoDB: 128 rollback segment(s) are active.
2018-11-25  0:14:20 11396 [Note] InnoDB: Waiting for purge to start
2018-11-25  0:14:20 11396 [Note] InnoDB:  Percona XtraDB (http://www.percona.com) 5.6.41-84.1 started; log sequence number 2058392
2018-11-25  0:14:20 7756 [Note] InnoDB: Dumping buffer pool(s) not yet started
2018-11-25  0:14:20 11396 [Note] Plugin 'FEEDBACK' is disabled.
2018-11-25  0:14:20 11396 [Note] Server socket created on IP: '::'.
2018-11-25  0:14:21 11396 [Note] c:\xampp\mysql\bin\mysqld.exe: ready for connections.
Version: '10.1.37-MariaDB'  socket: ''  port: 3306  mariadb.org binary distribution
2018-11-25 14:31:25 a30 InnoDB: Warning: Using innodb_additional_mem_pool_size is DEPRECATED. This option may be removed in future releases, together with the option innodb_use_sys_malloc and with the InnoDB's internal memory allocator.
2018-11-25 14:31:25 2608 [Note] InnoDB: innodb_empty_free_list_algorithm has been changed to legacy because of small buffer pool size. In order to use backoff, increase buffer pool at least up to 20MB.

2018-11-25 14:31:25 2608 [Note] InnoDB: Using mutexes to ref count buffer pool pages
2018-11-25 14:31:25 2608 [Note] InnoDB: The InnoDB memory heap is disabled
2018-11-25 14:31:25 2608 [Note] InnoDB: Mutexes and rw_locks use Windows interlocked functions
2018-11-25 14:31:25 2608 [Note] InnoDB: _mm_lfence() and _mm_sfence() are used for memory barrier
2018-11-25 14:31:25 2608 [Note] InnoDB: Compressed tables use zlib 1.2.11
2018-11-25 14:31:25 2608 [Note] InnoDB: Using generic crc32 instructions
2018-11-25 14:31:25 2608 [Note] InnoDB: Initializing buffer pool, size = 16.0M
2018-11-25 14:31:25 2608 [Note] InnoDB: Completed initialization of buffer pool
2018-11-25 14:31:25 2608 [Note] InnoDB: Highest supported file format is Barracuda.
2018-11-25 14:31:25 2608 [Note] InnoDB: The log sequence number 1835037 in ibdata file do not match the log sequence number 2060323 in the ib_logfiles!
2018-11-25 14:31:25 2608 [Note] InnoDB: Restoring possible half-written data pages from the doublewrite buffer...
2018-11-25 14:31:25 2608 [Note] InnoDB: 128 rollback segment(s) are active.
2018-11-25 14:31:25 2608 [Note] InnoDB: Waiting for purge to start
2018-11-25 14:31:25 2608 [Note] InnoDB:  Percona XtraDB (http://www.percona.com) 5.6.41-84.1 started; log sequence number 2060323
2018-11-25 14:31:25 8704 [Note] InnoDB: Dumping buffer pool(s) not yet started
2018-11-25 14:31:25 2608 [Note] Plugin 'FEEDBACK' is disabled.
2018-11-25 14:31:25 2608 [Note] Server socket created on IP: '::'.
2018-11-25 14:31:26 2608 [Note] c:\xampp\mysql\bin\mysqld.exe: ready for connections.
Version: '10.1.37-MariaDB'  socket: ''  port: 3306  mariadb.org binary distribution
2018-11-26 13:20:09 1244 InnoDB: Warning: Using innodb_additional_mem_pool_size is DEPRECATED. This option may be removed in future releases, together with the option innodb_use_sys_malloc and with the InnoDB's internal memory allocator.
2018-11-26 13:20:09 4676 [Note] InnoDB: innodb_empty_free_list_algorithm has been changed to legacy because of small buffer pool size. In order to use backoff, increase buffer pool at least up to 20MB.

2018-11-26 13:20:09 4676 [Note] InnoDB: Using mutexes to ref count buffer pool pages
2018-11-26 13:20:09 4676 [Note] InnoDB: The InnoDB memory heap is disabled
2018-11-26 13:20:09 4676 [Note] InnoDB: Mutexes and rw_locks use Windows interlocked functions
2018-11-26 13:20:09 4676 [Note] InnoDB: _mm_lfence() and _mm_sfence() are used for memory barrier
2018-11-26 13:20:09 4676 [Note] InnoDB: Compressed tables use zlib 1.2.11
2018-11-26 13:20:09 4676 [Note] InnoDB: Using generic crc32 instructions
2018-11-26 13:20:09 4676 [Note] InnoDB: Initializing buffer pool, size = 16.0M
2018-11-26 13:20:09 4676 [Note] InnoDB: Completed initialization of buffer pool
2018-11-26 13:20:09 4676 [Note] InnoDB: Highest supported file format is Barracuda.
2018-11-26 13:20:09 4676 [Note] InnoDB: The log sequence number 1835037 in ibdata file do not match the log sequence number 2064209 in the ib_logfiles!
2018-11-26 13:20:09 4676 [Note] InnoDB: Restoring possible half-written data pages from the doublewrite buffer...
2018-11-26 13:20:10 4676 [Note] InnoDB: 128 rollback segment(s) are active.
2018-11-26 13:20:10 4676 [Note] InnoDB: Waiting for purge to start
2018-11-26 13:20:10 4676 [Note] InnoDB:  Percona XtraDB (http://www.percona.com) 5.6.41-84.1 started; log sequence number 2064209
2018-11-26 13:20:10 7740 [Note] InnoDB: Dumping buffer pool(s) not yet started
2018-11-26 13:20:10 4676 [Note] Plugin 'FEEDBACK' is disabled.
2018-11-26 13:20:10 4676 [Note] Server socket created on IP: '::'.
2018-11-26 13:20:10 4676 [Note] c:\xampp\mysql\bin\mysqld.exe: ready for connections.
Version: '10.1.37-MariaDB'  socket: ''  port: 3306  mariadb.org binary distribution
2018-11-27 15:04:35 1f78 InnoDB: Warning: Using innodb_additional_mem_pool_size is DEPRECATED. This option may be removed in future releases, together with the option innodb_use_sys_malloc and with the InnoDB's internal memory allocator.
2018-11-27 15:04:35 8056 [Note] InnoDB: innodb_empty_free_list_algorithm has been changed to legacy because of small buffer pool size. In order to use backoff, increase buffer pool at least up to 20MB.

2018-11-27 15:04:35 8056 [Note] InnoDB: Using mutexes to ref count buffer pool pages
2018-11-27 15:04:35 8056 [Note] InnoDB: The InnoDB memory heap is disabled
2018-11-27 15:04:35 8056 [Note] InnoDB: Mutexes and rw_locks use Windows interlocked functions
2018-11-27 15:04:35 8056 [Note] InnoDB: _mm_lfence() and _mm_sfence() are used for memory barrier
2018-11-27 15:04:35 8056 [Note] InnoDB: Compressed tables use zlib 1.2.11
2018-11-27 15:04:35 8056 [Note] InnoDB: Using generic crc32 instructions
2018-11-27 15:04:35 8056 [Note] InnoDB: Initializing buffer pool, size = 16.0M
2018-11-27 15:04:35 8056 [Note] InnoDB: Completed initialization of buffer pool
2018-11-27 15:04:35 8056 [Note] InnoDB: Highest supported file format is Barracuda.
2018-11-27 15:04:35 8056 [Note] InnoDB: The log sequence number 1835037 in ibdata file do not match the log sequence number 2078667 in the ib_logfiles!
2018-11-27 15:04:36 8056 [Note] InnoDB: Restoring possible half-written data pages from the doublewrite buffer...
2018-11-27 15:04:36 8056 [Note] InnoDB: 128 rollback segment(s) are active.
2018-11-27 15:04:36 8056 [Note] InnoDB: Waiting for purge to start
2018-11-27 15:04:36 8056 [Note] InnoDB:  Percona XtraDB (http://www.percona.com) 5.6.41-84.1 started; log sequence number 2078667
2018-11-27 15:04:36 11272 [Note] InnoDB: Dumping buffer pool(s) not yet started
2018-11-27 15:04:36 8056 [Note] Plugin 'FEEDBACK' is disabled.
2018-11-27 15:04:36 8056 [Note] Server socket created on IP: '::'.
2018-11-27 15:04:36 8056 [Note] c:\xampp\mysql\bin\mysqld.exe: ready for connections.
Version: '10.1.37-MariaDB'  socket: ''  port: 3306  mariadb.org binary distribution
2018-11-27 15:40:07 2a64 InnoDB: Warning: Using innodb_additional_mem_pool_size is DEPRECATED. This option may be removed in future releases, together with the option innodb_use_sys_malloc and with the InnoDB's internal memory allocator.
2018-11-27 15:40:07 10852 [Note] InnoDB: innodb_empty_free_list_algorithm has been changed to legacy because of small buffer pool size. In order to use backoff, increase buffer pool at least up to 20MB.

2018-11-27 15:40:07 10852 [Note] InnoDB: Using mutexes to ref count buffer pool pages
2018-11-27 15:40:07 10852 [Note] InnoDB: The InnoDB memory heap is disabled
2018-11-27 15:40:07 10852 [Note] InnoDB: Mutexes and rw_locks use Windows interlocked functions
2018-11-27 15:40:07 10852 [Note] InnoDB: _mm_lfence() and _mm_sfence() are used for memory barrier
2018-11-27 15:40:07 10852 [Note] InnoDB: Compressed tables use zlib 1.2.11
2018-11-27 15:40:07 10852 [Note] InnoDB: Using generic crc32 instructions
2018-11-27 15:40:07 10852 [Note] InnoDB: Initializing buffer pool, size = 16.0M
2018-11-27 15:40:07 10852 [Note] InnoDB: Completed initialization of buffer pool
2018-11-27 15:40:08 10852 [Note] InnoDB: Highest supported file format is Barracuda.
2018-11-27 15:40:08 10852 [Note] InnoDB: The log sequence number 1835037 in ibdata file do not match the log sequence number 2078677 in the ib_logfiles!
2018-11-27 15:40:08 10852 [Note] InnoDB: Restoring possible half-written data pages from the doublewrite buffer...
2018-11-27 15:40:08 10852 [Note] InnoDB: 128 rollback segment(s) are active.
2018-11-27 15:40:08 10852 [Note] InnoDB: Waiting for purge to start
2018-11-27 15:40:08 10852 [Note] InnoDB:  Percona XtraDB (http://www.percona.com) 5.6.41-84.1 started; log sequence number 2078677
2018-11-27 15:40:08 1864 [Note] InnoDB: Dumping buffer pool(s) not yet started
2018-11-27 15:40:08 10852 [Note] Plugin 'FEEDBACK' is disabled.
2018-11-27 15:40:08 10852 [Note] Server socket created on IP: '::'.
2018-11-27 15:40:08 10852 [Note] c:\xampp\mysql\bin\mysqld.exe: ready for connections.
Version: '10.1.37-MariaDB'  socket: ''  port: 3306  mariadb.org binary distribution
2018-11-28 14:47:02 fac InnoDB: Warning: Using innodb_additional_mem_pool_size is DEPRECATED. This option may be removed in future releases, together with the option innodb_use_sys_malloc and with the InnoDB's internal memory allocator.
2018-11-28 14:47:02 4012 [Note] InnoDB: innodb_empty_free_list_algorithm has been changed to legacy because of small buffer pool size. In order to use backoff, increase buffer pool at least up to 20MB.

2018-11-28 14:47:02 4012 [Note] InnoDB: Using mutexes to ref count buffer pool pages
2018-11-28 14:47:03 4012 [Note] InnoDB: The InnoDB memory heap is disabled
2018-11-28 14:47:03 4012 [Note] InnoDB: Mutexes and rw_locks use Windows interlocked functions
2018-11-28 14:47:03 4012 [Note] InnoDB: _mm_lfence() and _mm_sfence() are used for memory barrier
2018-11-28 14:47:03 4012 [Note] InnoDB: Compressed tables use zlib 1.2.11
2018-11-28 14:47:03 4012 [Note] InnoDB: Using generic crc32 instructions
2018-11-28 14:47:03 4012 [Note] InnoDB: Initializing buffer pool, size = 16.0M
2018-11-28 14:47:03 4012 [Note] InnoDB: Completed initialization of buffer pool
2018-11-28 14:47:03 4012 [Note] InnoDB: Highest supported file format is Barracuda.
2018-11-28 14:47:03 4012 [Note] InnoDB: The log sequence number 1835037 in ibdata file do not match the log sequence number 2106385 in the ib_logfiles!
2018-11-28 14:47:03 4012 [Note] InnoDB: Restoring possible half-written data pages from the doublewrite buffer...
2018-11-28 14:47:03 4012 [Note] InnoDB: 128 rollback segment(s) are active.
2018-11-28 14:47:03 4012 [Note] InnoDB: Waiting for purge to start
2018-11-28 14:47:03 4012 [Note] InnoDB:  Percona XtraDB (http://www.percona.com) 5.6.41-84.1 started; log sequence number 2106385
2018-11-28 14:47:03 1272 [Note] InnoDB: Dumping buffer pool(s) not yet started
2018-11-28 14:47:03 4012 [Note] Plugin 'FEEDBACK' is disabled.
2018-11-28 14:47:03 4012 [Note] Server socket created on IP: '::'.
2018-11-28 14:47:04 4012 [Note] c:\xampp\mysql\bin\mysqld.exe: ready for connections.
Version: '10.1.37-MariaDB'  socket: ''  port: 3306  mariadb.org binary distribution
2018-11-29 17:15:03 222c InnoDB: Warning: Using innodb_additional_mem_pool_size is DEPRECATED. This option may be removed in future releases, together with the option innodb_use_sys_malloc and with the InnoDB's internal memory allocator.
2018-11-29 17:15:03 8748 [Note] InnoDB: innodb_empty_free_list_algorithm has been changed to legacy because of small buffer pool size. In order to use backoff, increase buffer pool at least up to 20MB.

2018-11-29 17:15:03 8748 [Note] InnoDB: Using mutexes to ref count buffer pool pages
2018-11-29 17:15:03 8748 [Note] InnoDB: The InnoDB memory heap is disabled
2018-11-29 17:15:03 8748 [Note] InnoDB: Mutexes and rw_locks use Windows interlocked functions
2018-11-29 17:15:03 8748 [Note] InnoDB: _mm_lfence() and _mm_sfence() are used for memory barrier
2018-11-29 17:15:03 8748 [Note] InnoDB: Compressed tables use zlib 1.2.11
2018-11-29 17:15:03 8748 [Note] InnoDB: Using generic crc32 instructions
2018-11-29 17:15:03 8748 [Note] InnoDB: Initializing buffer pool, size = 16.0M
2018-11-29 17:15:03 8748 [Note] InnoDB: Completed initialization of buffer pool
2018-11-29 17:15:03 8748 [Note] InnoDB: Highest supported file format is Barracuda.
2018-11-29 17:15:03 8748 [Note] InnoDB: The log sequence number 1835037 in ibdata file do not match the log sequence number 2108360 in the ib_logfiles!
2018-11-29 17:15:03 8748 [Note] InnoDB: Restoring possible half-written data pages from the doublewrite buffer...
2018-11-29 17:15:04 8748 [Note] InnoDB: 128 rollback segment(s) are active.
2018-11-29 17:15:04 8748 [Note] InnoDB: Waiting for purge to start
2018-11-29 17:15:04 8748 [Note] InnoDB:  Percona XtraDB (http://www.percona.com) 5.6.41-84.1 started; log sequence number 2108360
2018-11-29 17:15:04 5204 [Note] InnoDB: Dumping buffer pool(s) not yet started
2018-11-29 17:15:04 8748 [Note] Plugin 'FEEDBACK' is disabled.
2018-11-29 17:15:04 8748 [Note] Server socket created on IP: '::'.
2018-11-29 17:15:04 8748 [Note] c:\xampp\mysql\bin\mysqld.exe: ready for connections.
Version: '10.1.37-MariaDB'  socket: ''  port: 3306  mariadb.org binary distribution
2018-12-02 17:14:28 3134 InnoDB: Warning: Using innodb_additional_mem_pool_size is DEPRECATED. This option may be removed in future releases, together with the option innodb_use_sys_malloc and with the InnoDB's internal memory allocator.
2018-12-02 17:14:28 12596 [Note] InnoDB: innodb_empty_free_list_algorithm has been changed to legacy because of small buffer pool size. In order to use backoff, increase buffer pool at least up to 20MB.

2018-12-02 17:14:28 12596 [Note] InnoDB: Using mutexes to ref count buffer pool pages
2018-12-02 17:14:28 12596 [Note] InnoDB: The InnoDB memory heap is disabled
2018-12-02 17:14:28 12596 [Note] InnoDB: Mutexes and rw_locks use Windows interlocked functions
2018-12-02 17:14:28 12596 [Note] InnoDB: _mm_lfence() and _mm_sfence() are used for memory barrier
2018-12-02 17:14:28 12596 [Note] InnoDB: Compressed tables use zlib 1.2.11
2018-12-02 17:14:28 12596 [Note] InnoDB: Using generic crc32 instructions
2018-12-02 17:14:28 12596 [Note] InnoDB: Initializing buffer pool, size = 16.0M
2018-12-02 17:14:28 12596 [Note] InnoDB: Completed initialization of buffer pool
2018-12-02 17:14:29 12596 [Note] InnoDB: Highest supported file format is Barracuda.
2018-12-02 17:14:29 12596 [Note] InnoDB: The log sequence number 1835037 in ibdata file do not match the log sequence number 2108370 in the ib_logfiles!
2018-12-02 17:14:29 12596 [Note] InnoDB: Restoring possible half-written data pages from the doublewrite buffer...
2018-12-02 17:14:29 12596 [Note] InnoDB: 128 rollback segment(s) are active.
2018-12-02 17:14:29 12596 [Note] InnoDB: Waiting for purge to start
2018-12-02 17:14:29 12596 [Note] InnoDB:  Percona XtraDB (http://www.percona.com) 5.6.41-84.1 started; log sequence number 2108370
2018-12-02 17:14:29 2848 [Note] InnoDB: Dumping buffer pool(s) not yet started
2018-12-02 17:14:29 12596 [Note] Plugin 'FEEDBACK' is disabled.
2018-12-02 17:14:29 12596 [Note] Server socket created on IP: '::'.
2018-12-02 17:14:30 12596 [Note] c:\xampp\mysql\bin\mysqld.exe: ready for connections.
Version: '10.1.37-MariaDB'  socket: ''  port: 3306  mariadb.org binary distribution
2018-12-04 18:19:09 1218 InnoDB: Warning: Using innodb_additional_mem_pool_size is DEPRECATED. This option may be removed in future releases, together with the option innodb_use_sys_malloc and with the InnoDB's internal memory allocator.
2018-12-04 18:19:09 4632 [Note] InnoDB: innodb_empty_free_list_algorithm has been changed to legacy because of small buffer pool size. In order to use backoff, increase buffer pool at least up to 20MB.

2018-12-04 18:19:09 4632 [Note] InnoDB: Using mutexes to ref count buffer pool pages
2018-12-04 18:19:09 4632 [Note] InnoDB: The InnoDB memory heap is disabled
2018-12-04 18:19:09 4632 [Note] InnoDB: Mutexes and rw_locks use Windows interlocked functions
2018-12-04 18:19:09 4632 [Note] InnoDB: _mm_lfence() and _mm_sfence() are used for memory barrier
2018-12-04 18:19:09 4632 [Note] InnoDB: Compressed tables use zlib 1.2.11
2018-12-04 18:19:09 4632 [Note] InnoDB: Using generic crc32 instructions
2018-12-04 18:19:09 4632 [Note] InnoDB: Initializing buffer pool, size = 16.0M
2018-12-04 18:19:09 4632 [Note] InnoDB: Completed initialization of buffer pool
2018-12-04 18:19:10 4632 [Note] InnoDB: Highest supported file format is Barracuda.
2018-12-04 18:19:10 4632 [Note] InnoDB: The log sequence number 1835037 in ibdata file do not match the log sequence number 2114135 in the ib_logfiles!
2018-12-04 18:19:10 4632 [Note] InnoDB: Restoring possible half-written data pages from the doublewrite buffer...
2018-12-04 18:19:10 4632 [Note] InnoDB: 128 rollback segment(s) are active.
2018-12-04 18:19:10 4632 [Note] InnoDB: Waiting for purge to start
2018-12-04 18:19:10 4632 [Note] InnoDB:  Percona XtraDB (http://www.percona.com) 5.6.41-84.1 started; log sequence number 2114135
2018-12-04 18:19:10 12296 [Note] InnoDB: Dumping buffer pool(s) not yet started
2018-12-04 18:19:10 4632 [Note] Plugin 'FEEDBACK' is disabled.
2018-12-04 18:19:10 4632 [Note] Server socket created on IP: '::'.
2018-12-04 18:19:11 4632 [Note] c:\xampp\mysql\bin\mysqld.exe: ready for connections.
Version: '10.1.37-MariaDB'  socket: ''  port: 3306  mariadb.org binary distribution
2018-12-05 12:23:49 1cdc InnoDB: Warning: Using innodb_additional_mem_pool_size is DEPRECATED. This option may be removed in future releases, together with the option innodb_use_sys_malloc and with the InnoDB's internal memory allocator.
2018-12-05 12:23:49 7388 [Note] InnoDB: innodb_empty_free_list_algorithm has been changed to legacy because of small buffer pool size. In order to use backoff, increase buffer pool at least up to 20MB.

2018-12-05 12:23:49 7388 [Note] InnoDB: Using mutexes to ref count buffer pool pages
2018-12-05 12:23:49 7388 [Note] InnoDB: The InnoDB memory heap is disabled
2018-12-05 12:23:49 7388 [Note] InnoDB: Mutexes and rw_locks use Windows interlocked functions
2018-12-05 12:23:49 7388 [Note] InnoDB: _mm_lfence() and _mm_sfence() are used for memory barrier
2018-12-05 12:23:49 7388 [Note] InnoDB: Compressed tables use zlib 1.2.11
2018-12-05 12:23:49 7388 [Note] InnoDB: Using generic crc32 instructions
2018-12-05 12:23:49 7388 [Note] InnoDB: Initializing buffer pool, size = 16.0M
2018-12-05 12:23:49 7388 [Note] InnoDB: Completed initialization of buffer pool
2018-12-05 12:23:49 7388 [Note] InnoDB: Highest supported file format is Barracuda.
2018-12-05 12:23:49 7388 [Note] InnoDB: The log sequence number 1835037 in ibdata file do not match the log sequence number 2114350 in the ib_logfiles!
2018-12-05 12:23:49 7388 [Note] InnoDB: Restoring possible half-written data pages from the doublewrite buffer...
2018-12-05 12:23:50 7388 [Note] InnoDB: 128 rollback segment(s) are active.
2018-12-05 12:23:50 7388 [Note] InnoDB: Waiting for purge to start
2018-12-05 12:23:50 7388 [Note] InnoDB:  Percona XtraDB (http://www.percona.com) 5.6.41-84.1 started; log sequence number 2114350
2018-12-05 12:23:50 10004 [Note] InnoDB: Dumping buffer pool(s) not yet started
2018-12-05 12:23:50 7388 [Note] Plugin 'FEEDBACK' is disabled.
2018-12-05 12:23:50 7388 [Note] Server socket created on IP: '::'.
2018-12-05 12:23:50 7388 [Note] c:\xampp\mysql\bin\mysqld.exe: ready for connections.
Version: '10.1.37-MariaDB'  socket: ''  port: 3306  mariadb.org binary distribution
2018-12-09 14:33:15 2bd4 InnoDB: Warning: Using innodb_additional_mem_pool_size is DEPRECATED. This option may be removed in future releases, together with the option innodb_use_sys_malloc and with the InnoDB's internal memory allocator.
2018-12-09 14:33:15 11220 [Note] InnoDB: innodb_empty_free_list_algorithm has been changed to legacy because of small buffer pool size. In order to use backoff, increase buffer pool at least up to 20MB.

2018-12-09 14:33:15 11220 [Note] InnoDB: Using mutexes to ref count buffer pool pages
2018-12-09 14:33:15 11220 [Note] InnoDB: The InnoDB memory heap is disabled
2018-12-09 14:33:15 11220 [Note] InnoDB: Mutexes and rw_locks use Windows interlocked functions
2018-12-09 14:33:15 11220 [Note] InnoDB: _mm_lfence() and _mm_sfence() are used for memory barrier
2018-12-09 14:33:15 11220 [Note] InnoDB: Compressed tables use zlib 1.2.11
2018-12-09 14:33:15 11220 [Note] InnoDB: Using generic crc32 instructions
2018-12-09 14:33:15 11220 [Note] InnoDB: Initializing buffer pool, size = 16.0M
2018-12-09 14:33:15 11220 [Note] InnoDB: Completed initialization of buffer pool
2018-12-09 14:33:15 11220 [Note] InnoDB: Highest supported file format is Barracuda.
2018-12-09 14:33:15 11220 [Note] InnoDB: The log sequence number 1835037 in ibdata file do not match the log sequence number 2136308 in the ib_logfiles!
2018-12-09 14:33:15 11220 [Note] InnoDB: Restoring possible half-written data pages from the doublewrite buffer...
2018-12-09 14:33:16 11220 [Note] InnoDB: 128 rollback segment(s) are active.
2018-12-09 14:33:16 11220 [Note] InnoDB: Waiting for purge to start
2018-12-09 14:33:16 11220 [Note] InnoDB:  Percona XtraDB (http://www.percona.com) 5.6.41-84.1 started; log sequence number 2136308
2018-12-09 14:33:16 4484 [Note] InnoDB: Dumping buffer pool(s) not yet started
2018-12-09 14:33:16 11220 [Note] Plugin 'FEEDBACK' is disabled.
2018-12-09 14:33:16 11220 [Note] Server socket created on IP: '::'.
2018-12-09 14:33:16 11220 [Note] c:\xampp\mysql\bin\mysqld.exe: ready for connections.
Version: '10.1.37-MariaDB'  socket: ''  port: 3306  mariadb.org binary distribution
2018-12-12 12:18:58 bc0 InnoDB: Warning: Using innodb_additional_mem_pool_size is DEPRECATED. This option may be removed in future releases, together with the option innodb_use_sys_malloc and with the InnoDB's internal memory allocator.
2018-12-12 12:18:58 3008 [Note] InnoDB: innodb_empty_free_list_algorithm has been changed to legacy because of small buffer pool size. In order to use backoff, increase buffer pool at least up to 20MB.

2018-12-12 12:18:58 3008 [Note] InnoDB: Using mutexes to ref count buffer pool pages
2018-12-12 12:18:58 3008 [Note] InnoDB: The InnoDB memory heap is disabled
2018-12-12 12:18:58 3008 [Note] InnoDB: Mutexes and rw_locks use Windows interlocked functions
2018-12-12 12:18:58 3008 [Note] InnoDB: _mm_lfence() and _mm_sfence() are used for memory barrier
2018-12-12 12:18:58 3008 [Note] InnoDB: Compressed tables use zlib 1.2.11
2018-12-12 12:18:58 3008 [Note] InnoDB: Using generic crc32 instructions
2018-12-12 12:18:58 3008 [Note] InnoDB: Initializing buffer pool, size = 16.0M
2018-12-12 12:18:58 3008 [Note] InnoDB: Completed initialization of buffer pool
2018-12-12 12:18:59 3008 [Note] InnoDB: Highest supported file format is Barracuda.
2018-12-12 12:18:59 3008 [Note] InnoDB: The log sequence number 1835037 in ibdata file do not match the log sequence number 2163588 in the ib_logfiles!
2018-12-12 12:18:59 3008 [Note] InnoDB: Restoring possible half-written data pages from the doublewrite buffer...
2018-12-12 12:18:59 3008 [Note] InnoDB: 128 rollback segment(s) are active.
2018-12-12 12:18:59 3008 [Note] InnoDB: Waiting for purge to start
2018-12-12 12:18:59 3008 [Note] InnoDB:  Percona XtraDB (http://www.percona.com) 5.6.41-84.1 started; log sequence number 2163588
2018-12-12 12:18:59 6780 [Note] InnoDB: Dumping buffer pool(s) not yet started
2018-12-12 12:18:59 3008 [Note] Plugin 'FEEDBACK' is disabled.
2018-12-12 12:18:59 3008 [Note] Server socket created on IP: '::'.
2018-12-12 12:19:00 3008 [Note] c:\xampp\mysql\bin\mysqld.exe: ready for connections.
Version: '10.1.37-MariaDB'  socket: ''  port: 3306  mariadb.org binary distribution
2018-12-12 12:21:07 12748 [Note] Event Scheduler: scheduler thread started with id 49
2018-12-17 20:42:14 34dc InnoDB: Warning: Using innodb_additional_mem_pool_size is DEPRECATED. This option may be removed in future releases, together with the option innodb_use_sys_malloc and with the InnoDB's internal memory allocator.
2018-12-17 20:42:14 13532 [Note] InnoDB: innodb_empty_free_list_algorithm has been changed to legacy because of small buffer pool size. In order to use backoff, increase buffer pool at least up to 20MB.

2018-12-17 20:42:14 13532 [Note] InnoDB: Using mutexes to ref count buffer pool pages
2018-12-17 20:42:14 13532 [Note] InnoDB: The InnoDB memory heap is disabled
2018-12-17 20:42:14 13532 [Note] InnoDB: Mutexes and rw_locks use Windows interlocked functions
2018-12-17 20:42:14 13532 [Note] InnoDB: _mm_lfence() and _mm_sfence() are used for memory barrier
2018-12-17 20:42:14 13532 [Note] InnoDB: Compressed tables use zlib 1.2.11
2018-12-17 20:42:14 13532 [Note] InnoDB: Using generic crc32 instructions
2018-12-17 20:42:14 13532 [Note] InnoDB: Initializing buffer pool, size = 16.0M
2018-12-17 20:42:14 13532 [Note] InnoDB: Completed initialization of buffer pool
2018-12-17 20:42:14 13532 [Note] InnoDB: Highest supported file format is Barracuda.
2018-12-17 20:42:14 13532 [Note] InnoDB: The log sequence number 1835037 in ibdata file do not match the log sequence number 2165659 in the ib_logfiles!
2018-12-17 20:42:14 13532 [Note] InnoDB: Restoring possible half-written data pages from the doublewrite buffer...
2018-12-17 20:42:15 13532 [Note] InnoDB: 128 rollback segment(s) are active.
2018-12-17 20:42:15 13532 [Note] InnoDB: Waiting for purge to start
2018-12-17 20:42:15 13532 [Note] InnoDB:  Percona XtraDB (http://www.percona.com) 5.6.41-84.1 started; log sequence number 2165659
2018-12-17 20:42:15 8344 [Note] InnoDB: Dumping buffer pool(s) not yet started
2018-12-17 20:42:15 13532 [Note] Plugin 'FEEDBACK' is disabled.
2018-12-17 20:42:15 13532 [Note] Server socket created on IP: '::'.
2018-12-17 20:42:15 13532 [ERROR] mysqld.exe: Table '.\mysql\event' is marked as crashed and should be repaired
2018-12-17 20:42:15 13532 [Warning] Checking table:   '.\mysql\event'
2018-12-17 20:42:15 13532 [ERROR] mysql.event: 1 client is using or hasn't closed the table properly
2018-12-17 20:42:15 13532 [Note] c:\xampp\mysql\bin\mysqld.exe: ready for connections.
Version: '10.1.37-MariaDB'  socket: ''  port: 3306  mariadb.org binary distribution
